Created by PLY version 3.8 (http://www.dabeaz.com/ply)

Unused terminals:

    DIV
    MINUS
    MUL

Grammar

Rule 0     S' -> expr
Rule 1     expr -> NUMBER PLUS NUMBER

Terminals, with rules where they appear

DIV                  : 
MINUS                : 
MUL                  : 
NUMBER               : 1 1
PLUS                 : 1
error                : 

Nonterminals, with rules where they appear

expr                 : 0

Parsing method: LALR

state 0

    (0) S' -> . expr
    (1) expr -> . NUMBER PLUS NUMBER

    NUMBER          shift and go to state 2

    expr                           shift and go to state 1

state 1

    (0) S' -> expr .



state 2

    (1) expr -> NUMBER . PLUS NUMBER

    PLUS            shift and go to state 3


state 3

    (1) expr -> NUMBER PLUS . NUMBER

    NUMBER          shift and go to state 4


state 4

    (1) expr -> NUMBER PLUS NUMBER .

    $end            reduce using rule 1 (expr -> NUMBER PLUS NUMBER .)

