Grammar

    0 $accept: S $end

    1 S: S '+' S
    2  | S '-' S
    3  | S '*' S
    4  | S '/' S
    5  | UMINUS S
    6  | '(' S ')'
    7  | D


Terminals, with rules where they appear

$end (0) 0
'(' (40) 6
')' (41) 6
'*' (42) 3
'+' (43) 1
'-' (45) 2
'/' (47) 4
error (256)
D (258) 7
UMINUS (259) 5


Nonterminals, with rules where they appear

$accept (11)
    on left: 0
S (12)
    on left: 1 2 3 4 5 6 7, on right: 0 1 2 3 4 5 6


State 0

    0 $accept: . S $end

    D       shift, and go to state 1
    UMINUS  shift, and go to state 2
    '('     shift, and go to state 3

    S  go to state 4


State 1

    7 S: D .

    $default  reduce using rule 7 (S)


State 2

    5 S: UMINUS . S

    D       shift, and go to state 1
    UMINUS  shift, and go to state 2
    '('     shift, and go to state 3

    S  go to state 5


State 3

    6 S: '(' . S ')'

    D       shift, and go to state 1
    UMINUS  shift, and go to state 2
    '('     shift, and go to state 3

    S  go to state 6


State 4

    0 $accept: S . $end
    1 S: S . '+' S
    2  | S . '-' S
    3  | S . '*' S
    4  | S . '/' S

    $end  shift, and go to state 7
    '+'   shift, and go to state 8
    '-'   shift, and go to state 9
    '*'   shift, and go to state 10
    '/'   shift, and go to state 11


State 5

    1 S: S . '+' S
    2  | S . '-' S
    3  | S . '*' S
    4  | S . '/' S
    5  | UMINUS S .

    $default  reduce using rule 5 (S)


State 6

    1 S: S . '+' S
    2  | S . '-' S
    3  | S . '*' S
    4  | S . '/' S
    6  | '(' S . ')'

    '+'  shift, and go to state 8
    '-'  shift, and go to state 9
    '*'  shift, and go to state 10
    '/'  shift, and go to state 11
    ')'  shift, and go to state 12


State 7

    0 $accept: S $end .

    $default  accept


State 8

    1 S: S '+' . S

    D       shift, and go to state 1
    UMINUS  shift, and go to state 2
    '('     shift, and go to state 3

    S  go to state 13


State 9

    2 S: S '-' . S

    D       shift, and go to state 1
    UMINUS  shift, and go to state 2
    '('     shift, and go to state 3

    S  go to state 14


State 10

    3 S: S '*' . S

    D       shift, and go to state 1
    UMINUS  shift, and go to state 2
    '('     shift, and go to state 3

    S  go to state 15


State 11

    4 S: S '/' . S

    D       shift, and go to state 1
    UMINUS  shift, and go to state 2
    '('     shift, and go to state 3

    S  go to state 16


State 12

    6 S: '(' S ')' .

    $default  reduce using rule 6 (S)


State 13

    1 S: S . '+' S
    1  | S '+' S .
    2  | S . '-' S
    3  | S . '*' S
    4  | S . '/' S

    '*'  shift, and go to state 10
    '/'  shift, and go to state 11

    $default  reduce using rule 1 (S)


State 14

    1 S: S . '+' S
    2  | S . '-' S
    2  | S '-' S .
    3  | S . '*' S
    4  | S . '/' S

    '*'  shift, and go to state 10
    '/'  shift, and go to state 11

    $default  reduce using rule 2 (S)


State 15

    1 S: S . '+' S
    2  | S . '-' S
    3  | S . '*' S
    3  | S '*' S .
    4  | S . '/' S

    $default  reduce using rule 3 (S)


State 16

    1 S: S . '+' S
    2  | S . '-' S
    3  | S . '*' S
    4  | S . '/' S
    4  | S '/' S .

    $default  reduce using rule 4 (S)
